.next/dev/types/validator.ts(153,31): error TS2344: Type 'typeof import("f:/IHM/IHM/XCCM2-API/src/app/api/documents/[id]/like/route")' does not satisfy the constraint 'RouteHandlerConfig<"/api/documents/[id]/like">'.
  Types of property 'POST' are incompatible.
    Type '(req: NextRequest, { params }: { params: { id: string; }; }) => Promise<NextResponse<{ error: string; }> | NextResponse<{ liked: boolean; }>>' is not assignable to type '(request: NextRequest, context: { params: Promise<{ id: string; }>; }) => void | Response | Promise<void | Response>'.
      Types of parameters '__1' and 'context' are incompatible.
        Type '{ params: Promise<{ id: string; }>; }' is not assignable to type '{ params: { id: string; }; }'.
          Types of property 'params' are incompatible.
            Property 'id' is missing in type 'Promise<{ id: string; }>' but required in type '{ id: string; }'.
.next/dev/types/validator.ts(171,31): error TS2344: Type 'typeof import("f:/IHM/IHM/XCCM2-API/src/app/api/documents/[id]/view/route")' does not satisfy the constraint 'RouteHandlerConfig<"/api/documents/[id]/view">'.
  Types of property 'POST' are incompatible.
    Type '(request: NextRequest, { params }: { params: { id: string; }; }) => Promise<NextResponse<ApiErrorResponse> | NextResponse<ApiSuccessResponse<unknown>>>' is not assignable to type '(request: NextRequest, context: { params: Promise<{ id: string; }>; }) => void | Response | Promise<void | Response>'.
      Types of parameters '__1' and 'context' are incompatible.
        Type '{ params: Promise<{ id: string; }>; }' is not assignable to type '{ params: { id: string; }; }'.
          Types of property 'params' are incompatible.
            Property 'id' is missing in type 'Promise<{ id: string; }>' but required in type '{ id: string; }'.
.next/dev/types/validator.ts(252,31): error TS2344: Type 'typeof import("f:/IHM/IHM/XCCM2-API/src/app/api/projects/[pr_name]/convert-to-template/route")' does not satisfy the constraint 'RouteHandlerConfig<"/api/projects/[pr_name]/convert-to-template">'.
  Types of property 'POST' are incompatible.
    Type '(req: NextRequest, { params }: { params: { pr_name: string; }; }) => Promise<NextResponse<{ success: boolean; message: string; }>>' is not assignable to type '(request: NextRequest, context: { params: Promise<{ pr_name: string; }>; }) => void | Response | Promise<void | Response>'.
      Types of parameters '__1' and 'context' are incompatible.
        Type '{ params: Promise<{ pr_name: string; }>; }' is not assignable to type '{ params: { pr_name: string; }; }'.
          Types of property 'params' are incompatible.
            Property 'pr_name' is missing in type 'Promise<{ pr_name: string; }>' but required in type '{ pr_name: string; }'.
.next/dev/types/validator.ts(423,31): error TS2344: Type 'typeof import("f:/IHM/IHM/XCCM2-API/src/app/api/templates/[templateId]/create-project/route")' does not satisfy the constraint 'RouteHandlerConfig<"/api/templates/[templateId]/create-project">'.
  Types of property 'POST' are incompatible.
    Type '(req: NextRequest, { params }: { params: { templateId: string; }; }) => Promise<NextResponse<{ success: boolean; message: string; }>>' is not assignable to type '(request: NextRequest, context: { params: Promise<{ templateId: string; }>; }) => void | Response | Promise<void | Response>'.
      Types of parameters '__1' and 'context' are incompatible.
        Type '{ params: Promise<{ templateId: string; }>; }' is not assignable to type '{ params: { templateId: string; }; }'.
          Types of property 'params' are incompatible.
            Property 'templateId' is missing in type 'Promise<{ templateId: string; }>' but required in type '{ templateId: string; }'.
.next/dev/types/validator.ts(432,31): error TS2344: Type 'typeof import("f:/IHM/IHM/XCCM2-API/src/app/api/templates/[templateId]/route")' does not satisfy the constraint 'RouteHandlerConfig<"/api/templates/[templateId]">'.
  Types of property 'GET' are incompatible.
    Type '(req: NextRequest, { params }: { params: { templateId: string; }; }) => Promise<NextResponse<{ success: boolean; message: string; }>>' is not assignable to type '(request: NextRequest, context: { params: Promise<{ templateId: string; }>; }) => void | Response | Promise<void | Response>'.
      Types of parameters '__1' and 'context' are incompatible.
        Type '{ params: Promise<{ templateId: string; }>; }' is not assignable to type '{ params: { templateId: string; }; }'.
          Types of property 'params' are incompatible.
            Property 'templateId' is missing in type 'Promise<{ templateId: string; }>' but required in type '{ templateId: string; }'.
src/app/api/documents/[id]/like/route.ts(3,10): error TS2724: '"@/lib/auth"' has no exported member named 'verifyJwtToken'. Did you mean 'verifyToken'?
src/app/api/projects/[pr_name]/convert-to-template/route.ts(8,10): error TS2305: Module '"@/lib/auth"' has no exported member 'getUserFromToken'.
src/app/api/projects/[pr_name]/export/route.ts(113,33): error TS2353: Object literal may only specify known properties, and 'status' does not exist in type 'InvitationWhereInput'.
src/app/api/templates/[templateId]/create-project/route.ts(8,10): error TS2305: Module '"@/lib/auth"' has no exported member 'getUserFromToken'.
src/app/api/templates/[templateId]/route.ts(14,10): error TS2305: Module '"@/lib/auth"' has no exported member 'getUserFromToken'.
src/lib/document-service.ts(37,29): error TS2353: Object literal may only specify known properties, and 'status' does not exist in type 'InvitationWhereInput'.
src/lib/swagger.ts(371,9): error TS1117: An object literal cannot have multiple properties with the same name.
